Using pre-set license
Built from '2020.3/staging' branch; Version is '2020.3.16f1 (049d6eca3c44) revision 302446'; Using compiler version '192528614'; Build Type 'Release'
OS: 'Windows 10 Home; OS build 19043.1526; Version 2009; 64bit' Language: 'en' Physical Memory: 8001 MB
BatchMode: 1, IsHumanControllingUs: 0, StartBugReporterOnCrash: 0, Is64bit: 1, IsPro: 0

 COMMAND LINE ARGUMENTS:
C:\Program Files\Unity\Hub\Editor\2020.3.16f1\Editor\Unity.exe
-adb2
-batchMode
-noUpm
-name
AssetImportWorker0
-projectPath
C:/Users/giova/OneDrive/Documents/UnityProjects/Tutorial1.5/DIG3480Tutorial1.5
-logFile
Logs/AssetImportWorker0.log
-srvPort
49300
Successfully changed project path to: C:/Users/giova/OneDrive/Documents/UnityProjects/Tutorial1.5/DIG3480Tutorial1.5
C:/Users/giova/OneDrive/Documents/UnityProjects/Tutorial1.5/DIG3480Tutorial1.5
Using Asset Import Pipeline V2.
Refreshing native plugins compatible for Editor in 54.89 ms, found 3 plugins.
Preloading 0 native plugins for Editor in 0.00 ms.
Initialize engine version: 2020.3.16f1 (049d6eca3c44)
[Subsystems] Discovering subsystems at path C:/Program Files/Unity/Hub/Editor/2020.3.16f1/Editor/Data/Resources/UnitySubsystems
[Subsystems] Discovering subsystems at path C:/Users/giova/OneDrive/Documents/UnityProjects/Tutorial1.5/DIG3480Tutorial1.5/Assets
GfxDevice: creating device client; threaded=0
Direct3D:
    Version:  Direct3D 11.0 [level 11.1]
    Renderer: NVIDIA GeForce GTX 1050 (ID=0x1c91)
    Vendor:   
    VRAM:     2996 MB
    Driver:   27.21.14.5763
Initialize mono
Mono path[0] = 'C:/Program Files/Unity/Hub/Editor/2020.3.16f1/Editor/Data/Managed'
Mono path[1] = 'C:/Program Files/Unity/Hub/Editor/2020.3.16f1/Editor/Data/MonoBleedingEdge/lib/mono/unityjit'
Mono config path = 'C:/Program Files/Unity/Hub/Editor/2020.3.16f1/Editor/Data/MonoBleedingEdge/etc'
Using monoOptions --debugger-agent=transport=dt_socket,embedding=1,server=y,suspend=n,address=127.0.0.1:56400
Begin MonoManager ReloadAssembly
Registering precompiled unity dll's ...
Register platform support module: C:/Program Files/Unity/Hub/Editor/2020.3.16f1/Editor/Data/PlaybackEngines/WindowsStandaloneSupport/UnityEditor.WindowsStandalone.Extensions.dll
Registered in 0.002829 seconds.
Native extension for WindowsStandalone target not found
Refreshing native plugins compatible for Editor in 53.94 ms, found 3 plugins.
Preloading 0 native plugins for Editor in 0.00 ms.
Mono: successfully reloaded assembly
- Completed reload, in  1.506 seconds
Domain Reload Profiling:
	ReloadAssembly (1507ms)
		BeginReloadAssembly (72ms)
			ExecutionOrderSort (0ms)
			DisableScriptedObjects (0ms)
			BackupInstance (0ms)
			ReleaseScriptingObjects (0ms)
			CreateAndSetChildDomain (1ms)
		EndReloadAssembly (535ms)
			LoadAssemblies (68ms)
			RebuildTransferFunctionScriptingTraits (0ms)
			SetupTypeCache (186ms)
			ReleaseScriptCaches (0ms)
			RebuildScriptCaches (34ms)
			SetupLoadedEditorAssemblies (220ms)
				LogAssemblyErrors (0ms)
				InitializePlatformSupportModulesInManaged (5ms)
				SetLoadedEditorAssemblies (0ms)
				RefreshPlugins (54ms)
				BeforeProcessingInitializeOnLoad (10ms)
				ProcessInitializeOnLoadAttributes (110ms)
				ProcessInitializeOnLoadMethodAttributes (41ms)
				AfterProcessingInitializeOnLoad (0ms)
				EditorAssembliesLoaded (0ms)
			ExecutionOrderSort2 (0ms)
			AwakeInstancesAfterBackupRestoration (0ms)
Platform modules already initialized, skipping
Registering precompiled user dll's ...
Registered in 0.006282 seconds.
Begin MonoManager ReloadAssembly
Native extension for WindowsStandalone target not found
Refreshing native plugins compatible for Editor in 50.18 ms, found 3 plugins.
Preloading 0 native plugins for Editor in 0.00 ms.
Mono: successfully reloaded assembly
- Completed reload, in  1.523 seconds
Domain Reload Profiling:
	ReloadAssembly (1524ms)
		BeginReloadAssembly (178ms)
			ExecutionOrderSort (0ms)
			DisableScriptedObjects (6ms)
			BackupInstance (0ms)
			ReleaseScriptingObjects (0ms)
			CreateAndSetChildDomain (25ms)
		EndReloadAssembly (1267ms)
			LoadAssemblies (125ms)
			RebuildTransferFunctionScriptingTraits (0ms)
			SetupTypeCache (375ms)
			ReleaseScriptCaches (1ms)
			RebuildScriptCaches (59ms)
			SetupLoadedEditorAssemblies (538ms)
				LogAssemblyErrors (0ms)
				InitializePlatformSupportModulesInManaged (4ms)
				SetLoadedEditorAssemblies (0ms)
				RefreshPlugins (50ms)
				BeforeProcessingInitializeOnLoad (87ms)
				ProcessInitializeOnLoadAttributes (368ms)
				ProcessInitializeOnLoadMethodAttributes (17ms)
				AfterProcessingInitializeOnLoad (11ms)
				EditorAssembliesLoaded (0ms)
			ExecutionOrderSort2 (0ms)
			AwakeInstancesAfterBackupRestoration (10ms)
Platform modules already initialized, skipping
========================================================================
Worker process is ready to serve import requests
Launched and connected shader compiler UnityShaderCompiler.exe after 0.08 seconds
Refreshing native plugins compatible for Editor in 0.71 ms, found 3 plugins.
Preloading 0 native plugins for Editor in 0.00 ms.
Unloading 2092 Unused Serialized files (Serialized files now loaded: 0)
System memory in use before: 93.8 MB.
System memory in use after: 93.9 MB.

Unloading 28 unused Assets to reduce memory usage. Loaded Objects now: 2529.
Total: 4.974000 ms (FindLiveObjects: 0.300300 ms CreateObjectMapping: 0.061500 ms MarkObjects: 4.511400 ms  DeleteObjects: 0.098800 ms)

AssetImportParameters requested are different than current active one (requested -> active):
  custom:framework-win-MediaFoundation: 216162199b28c13a410421893ffa2e32 -> 
  custom:video-decoder-ogg-theora: a1e56fd34408186e4bbccfd4996cb3dc -> 
  custom:container-muxer-webm: aa71ff27fc2769a1b78a27578f13a17b -> 
  custom:container-demuxer-webm: 4f35f7cbe854078d1ac9338744f61a02 -> 
  custom:container-demuxer-ogg: 62fdf1f143b41e24485cea50d1cbac27 -> 
  custom:video-encoder-webm-vp8: eb34c28f22e8b96e1ab97ce403110664 -> 
  custom:video-codec-MediaFoundation-h265: 746d11721c4dcdbdad8f713fa42b33f4 -> 
  custom:video-decoder-webm-vp8: 9c59270c3fd7afecdb556c50c9e8de78 -> 
  custom:audio-decoder-ogg-vorbis: bf7c407c2cedff20999df2af8eb42d56 -> 
  custom:audio-encoder-webm-vorbis: bf7c407c2cedff20999df2af8eb42d56 -> 
========================================================================
Received Import Request.
  path: Assets
  artifactKey: Guid(00000000000000001000000000000000) Importer(815301076,1909f56bfc062723c751e8b465ee728b)
Start importing Assets using Guid(00000000000000001000000000000000) Importer(815301076,1909f56bfc062723c751e8b465ee728b)  -> (artifact id: '42d402b061de3733987d63b9cc3b64de') in 0.020494 seconds 
  Import took 0.025072 seconds .

========================================================================
Received Import Request.
  Time since last request: 0.625340 seconds.
  path: Assets/Scripts
  artifactKey: Guid(0d8c9466323316b479ae79519568cb77) Importer(815301076,1909f56bfc062723c751e8b465ee728b)
Start importing Assets/Scripts using Guid(0d8c9466323316b479ae79519568cb77) Importer(815301076,1909f56bfc062723c751e8b465ee728b)  -> (artifact id: '1400d6f994deced44ff5f7521d821b80') in 0.009170 seconds 
  Import took 0.013610 seconds .

========================================================================
Received Prepare
Registering precompiled user dll's ...
Registered in 0.006047 seconds.
Begin MonoManager ReloadAssembly
Native extension for WindowsStandalone target not found
Refreshing native plugins compatible for Editor in 0.60 ms, found 3 plugins.
Preloading 0 native plugins for Editor in 0.00 ms.
Mono: successfully reloaded assembly
- Completed reload, in  1.800 seconds
Domain Reload Profiling:
	ReloadAssembly (1800ms)
		BeginReloadAssembly (170ms)
			ExecutionOrderSort (0ms)
			DisableScriptedObjects (8ms)
			BackupInstance (0ms)
			ReleaseScriptingObjects (0ms)
			CreateAndSetChildDomain (56ms)
		EndReloadAssembly (1533ms)
			LoadAssemblies (128ms)
			RebuildTransferFunctionScriptingTraits (0ms)
			SetupTypeCache (394ms)
			ReleaseScriptCaches (1ms)
			RebuildScriptCaches (85ms)
			SetupLoadedEditorAssemblies (668ms)
				LogAssemblyErrors (0ms)
				InitializePlatformSupportModulesInManaged (8ms)
				SetLoadedEditorAssemblies (1ms)
				RefreshPlugins (1ms)
				BeforeProcessingInitializeOnLoad (101ms)
				ProcessInitializeOnLoadAttributes (529ms)
				ProcessInitializeOnLoadMethodAttributes (13ms)
				AfterProcessingInitializeOnLoad (15ms)
				EditorAssembliesLoaded (0ms)
			ExecutionOrderSort2 (0ms)
			AwakeInstancesAfterBackupRestoration (17ms)
Platform modules already initialized, skipping
Refreshing native plugins compatible for Editor in 0.67 ms, found 3 plugins.
Preloading 0 native plugins for Editor in 0.00 ms.
Unloading 2082 Unused Serialized files (Serialized files now loaded: 0)
System memory in use before: 93.2 MB.
System memory in use after: 93.3 MB.

Unloading 16 unused Assets to reduce memory usage. Loaded Objects now: 2532.
Total: 4.700400 ms (FindLiveObjects: 0.256200 ms CreateObjectMapping: 0.073200 ms MarkObjects: 4.325200 ms  DeleteObjects: 0.044100 ms)

AssetImportParameters requested are different than current active one (requested -> active):
  custom:framework-win-MediaFoundation: 216162199b28c13a410421893ffa2e32 -> 
  custom:video-decoder-ogg-theora: a1e56fd34408186e4bbccfd4996cb3dc -> 
  custom:container-muxer-webm: aa71ff27fc2769a1b78a27578f13a17b -> 
  custom:container-demuxer-webm: 4f35f7cbe854078d1ac9338744f61a02 -> 
  custom:container-demuxer-ogg: 62fdf1f143b41e24485cea50d1cbac27 -> 
  custom:video-encoder-webm-vp8: eb34c28f22e8b96e1ab97ce403110664 -> 
  custom:video-codec-MediaFoundation-h265: 746d11721c4dcdbdad8f713fa42b33f4 -> 
  custom:video-decoder-webm-vp8: 9c59270c3fd7afecdb556c50c9e8de78 -> 
  custom:audio-decoder-ogg-vorbis: bf7c407c2cedff20999df2af8eb42d56 -> 
  custom:audio-encoder-webm-vorbis: bf7c407c2cedff20999df2af8eb42d56 -> 
========================================================================
Received Import Request.
  Time since last request: 17.274780 seconds.
  path: Assets/Sounds
  artifactKey: Guid(abbe4de53c843584ab5266eae12dbcab) Importer(815301076,1909f56bfc062723c751e8b465ee728b)
Start importing Assets/Sounds using Guid(abbe4de53c843584ab5266eae12dbcab) Importer(815301076,1909f56bfc062723c751e8b465ee728b)  -> (artifact id: '336cb1ec2586595a9b0e0d5077233027') in 0.015095 seconds 
  Import took 0.019394 seconds .

========================================================================
Received Import Request.
  Time since last request: 4.473430 seconds.
  path: Assets/Sprites
  artifactKey: Guid(a3a335a3eeee03849900ecb833b4dfe1) Importer(815301076,1909f56bfc062723c751e8b465ee728b)
Start importing Assets/Sprites using Guid(a3a335a3eeee03849900ecb833b4dfe1) Importer(815301076,1909f56bfc062723c751e8b465ee728b)  -> (artifact id: '8a754c349c35e65c483b24d042facda0') in 0.009072 seconds 
  Import took 0.013474 seconds .

========================================================================
Received Import Request.
  Time since last request: 16.152914 seconds.
  path: Assets/Animations
  artifactKey: Guid(281b75faf7b87b8439669389657219d8) Importer(815301076,1909f56bfc062723c751e8b465ee728b)
Start importing Assets/Animations using Guid(281b75faf7b87b8439669389657219d8) Importer(815301076,1909f56bfc062723c751e8b465ee728b)  -> (artifact id: '8371cfee81b1795d39a297934580486f') in 0.009225 seconds 
  Import took 0.013412 seconds .

========================================================================
Received Import Request.
  Time since last request: 41.995986 seconds.
  path: Assets/Scripts/NewBehaviorScript.cs
  artifactKey: Guid(e688e438fc6337840a16a14142a7cfad) Importer(815301076,1909f56bfc062723c751e8b465ee728b)
Start importing Assets/Scripts/NewBehaviorScript.cs using Guid(e688e438fc6337840a16a14142a7cfad) Importer(815301076,1909f56bfc062723c751e8b465ee728b)  -> (artifact id: 'd6190e32c99f8997502e39ded0768100') in 0.038699 seconds 
  Import took 0.042829 seconds .

========================================================================
Received Import Request.
  Time since last request: 0.011580 seconds.
  path: Assets/Scripts/NewBehaviorScript.cs
  artifactKey: Guid(e688e438fc6337840a16a14142a7cfad) Importer(815301076,1909f56bfc062723c751e8b465ee728b)
Start importing Assets/Scripts/NewBehaviorScript.cs using Guid(e688e438fc6337840a16a14142a7cfad) Importer(815301076,1909f56bfc062723c751e8b465ee728b)  -> (artifact id: 'd6190e32c99f8997502e39ded0768100') in 0.004617 seconds 
  Import took 0.009081 seconds .

========================================================================
Received Import Request.
  Time since last request: 350.788729 seconds.
  path: Assets/Scripts/CatController.cs
  artifactKey: Guid(e688e438fc6337840a16a14142a7cfad) Importer(815301076,1909f56bfc062723c751e8b465ee728b)
Start importing Assets/Scripts/CatController.cs using Guid(e688e438fc6337840a16a14142a7cfad) Importer(815301076,1909f56bfc062723c751e8b465ee728b)  -> (artifact id: 'eb632b52a2f85a1b66fdc29bb2cc837d') in 0.010428 seconds 
  Import took 0.015956 seconds .

========================================================================
Received Import Request.
  Time since last request: 0.005861 seconds.
  path: Assets/Scripts/CatController.cs
  artifactKey: Guid(e688e438fc6337840a16a14142a7cfad) Importer(815301076,1909f56bfc062723c751e8b465ee728b)
Start importing Assets/Scripts/CatController.cs using Guid(e688e438fc6337840a16a14142a7cfad) Importer(815301076,1909f56bfc062723c751e8b465ee728b)  -> (artifact id: 'eb632b52a2f85a1b66fdc29bb2cc837d') in 0.004912 seconds 
  Import took 0.009367 seconds .

========================================================================
Received Prepare
Registering precompiled user dll's ...
Registered in 0.011199 seconds.
Begin MonoManager ReloadAssembly
Native extension for WindowsStandalone target not found
Refreshing native plugins compatible for Editor in 0.52 ms, found 3 plugins.
Preloading 0 native plugins for Editor in 0.00 ms.
Mono: successfully reloaded assembly
- Completed reload, in  1.330 seconds
Domain Reload Profiling:
	ReloadAssembly (1330ms)
		BeginReloadAssembly (135ms)
			ExecutionOrderSort (0ms)
			DisableScriptedObjects (8ms)
			BackupInstance (0ms)
			ReleaseScriptingObjects (0ms)
			CreateAndSetChildDomain (42ms)
		EndReloadAssembly (1108ms)
			LoadAssemblies (113ms)
			RebuildTransferFunctionScriptingTraits (0ms)
			SetupTypeCache (334ms)
			ReleaseScriptCaches (1ms)
			RebuildScriptCaches (51ms)
			SetupLoadedEditorAssemblies (478ms)
				LogAssemblyErrors (0ms)
				InitializePlatformSupportModulesInManaged (6ms)
				SetLoadedEditorAssemblies (1ms)
				RefreshPlugins (1ms)
				BeforeProcessingInitializeOnLoad (102ms)
				ProcessInitializeOnLoadAttributes (352ms)
				ProcessInitializeOnLoadMethodAttributes (7ms)
				AfterProcessingInitializeOnLoad (10ms)
				EditorAssembliesLoaded (0ms)
			ExecutionOrderSort2 (0ms)
			AwakeInstancesAfterBackupRestoration (15ms)
Platform modules already initialized, skipping
Refreshing native plugins compatible for Editor in 0.52 ms, found 3 plugins.
Preloading 0 native plugins for Editor in 0.00 ms.
Unloading 2082 Unused Serialized files (Serialized files now loaded: 0)
System memory in use before: 93.3 MB.
System memory in use after: 93.4 MB.

Unloading 16 unused Assets to reduce memory usage. Loaded Objects now: 2535.
Total: 3.521100 ms (FindLiveObjects: 0.253800 ms CreateObjectMapping: 0.064300 ms MarkObjects: 3.170200 ms  DeleteObjects: 0.031100 ms)

AssetImportParameters requested are different than current active one (requested -> active):
  custom:framework-win-MediaFoundation: 216162199b28c13a410421893ffa2e32 -> 
  custom:video-decoder-ogg-theora: a1e56fd34408186e4bbccfd4996cb3dc -> 
  custom:container-muxer-webm: aa71ff27fc2769a1b78a27578f13a17b -> 
  custom:container-demuxer-webm: 4f35f7cbe854078d1ac9338744f61a02 -> 
  custom:container-demuxer-ogg: 62fdf1f143b41e24485cea50d1cbac27 -> 
  custom:video-encoder-webm-vp8: eb34c28f22e8b96e1ab97ce403110664 -> 
  custom:video-codec-MediaFoundation-h265: 746d11721c4dcdbdad8f713fa42b33f4 -> 
  custom:video-decoder-webm-vp8: 9c59270c3fd7afecdb556c50c9e8de78 -> 
  custom:audio-decoder-ogg-vorbis: bf7c407c2cedff20999df2af8eb42d56 -> 
  custom:audio-encoder-webm-vorbis: bf7c407c2cedff20999df2af8eb42d56 -> 
========================================================================
Received Prepare
Registering precompiled user dll's ...
Registered in 0.005944 seconds.
Begin MonoManager ReloadAssembly
Native extension for WindowsStandalone target not found
Refreshing native plugins compatible for Editor in 0.52 ms, found 3 plugins.
Preloading 0 native plugins for Editor in 0.00 ms.
Mono: successfully reloaded assembly
- Completed reload, in  1.349 seconds
Domain Reload Profiling:
	ReloadAssembly (1350ms)
		BeginReloadAssembly (165ms)
			ExecutionOrderSort (0ms)
			DisableScriptedObjects (10ms)
			BackupInstance (0ms)
			ReleaseScriptingObjects (0ms)
			CreateAndSetChildDomain (49ms)
		EndReloadAssembly (1099ms)
			LoadAssemblies (126ms)
			RebuildTransferFunctionScriptingTraits (0ms)
			SetupTypeCache (342ms)
			ReleaseScriptCaches (1ms)
			RebuildScriptCaches (53ms)
			SetupLoadedEditorAssemblies (458ms)
				LogAssemblyErrors (0ms)
				InitializePlatformSupportModulesInManaged (6ms)
				SetLoadedEditorAssemblies (1ms)
				RefreshPlugins (1ms)
				BeforeProcessingInitializeOnLoad (82ms)
				ProcessInitializeOnLoadAttributes (353ms)
				ProcessInitializeOnLoadMethodAttributes (7ms)
				AfterProcessingInitializeOnLoad (10ms)
				EditorAssembliesLoaded (0ms)
			ExecutionOrderSort2 (0ms)
			AwakeInstancesAfterBackupRestoration (12ms)
Platform modules already initialized, skipping
Refreshing native plugins compatible for Editor in 0.58 ms, found 3 plugins.
Preloading 0 native plugins for Editor in 0.00 ms.
Unloading 2082 Unused Serialized files (Serialized files now loaded: 0)
System memory in use before: 93.3 MB.
System memory in use after: 93.4 MB.

Unloading 16 unused Assets to reduce memory usage. Loaded Objects now: 2538.
Total: 4.769200 ms (FindLiveObjects: 0.316400 ms CreateObjectMapping: 0.075500 ms MarkObjects: 4.342600 ms  DeleteObjects: 0.032700 ms)

AssetImportParameters requested are different than current active one (requested -> active):
  custom:framework-win-MediaFoundation: 216162199b28c13a410421893ffa2e32 -> 
  custom:video-decoder-ogg-theora: a1e56fd34408186e4bbccfd4996cb3dc -> 
  custom:container-muxer-webm: aa71ff27fc2769a1b78a27578f13a17b -> 
  custom:container-demuxer-webm: 4f35f7cbe854078d1ac9338744f61a02 -> 
  custom:container-demuxer-ogg: 62fdf1f143b41e24485cea50d1cbac27 -> 
  custom:video-encoder-webm-vp8: eb34c28f22e8b96e1ab97ce403110664 -> 
  custom:video-codec-MediaFoundation-h265: 746d11721c4dcdbdad8f713fa42b33f4 -> 
  custom:video-decoder-webm-vp8: 9c59270c3fd7afecdb556c50c9e8de78 -> 
  custom:audio-decoder-ogg-vorbis: bf7c407c2cedff20999df2af8eb42d56 -> 
  custom:audio-encoder-webm-vorbis: bf7c407c2cedff20999df2af8eb42d56 -> 
========================================================================
Received Import Request.
  Time since last request: 36.544264 seconds.
  path: Assets/Scripts/CatController.cs
  artifactKey: Guid(e688e438fc6337840a16a14142a7cfad) Importer(815301076,1909f56bfc062723c751e8b465ee728b)
Start importing Assets/Scripts/CatController.cs using Guid(e688e438fc6337840a16a14142a7cfad) Importer(815301076,1909f56bfc062723c751e8b465ee728b)  -> (artifact id: '0b00fa7b71b116c596ba07f2834cb804') in 0.007305 seconds 
  Import took 0.011885 seconds .

========================================================================
Received Prepare
Registering precompiled user dll's ...
Registered in 0.005758 seconds.
Begin MonoManager ReloadAssembly
Native extension for WindowsStandalone target not found
Refreshing native plugins compatible for Editor in 0.51 ms, found 3 plugins.
Preloading 0 native plugins for Editor in 0.00 ms.
Mono: successfully reloaded assembly
- Completed reload, in  1.301 seconds
Domain Reload Profiling:
	ReloadAssembly (1301ms)
		BeginReloadAssembly (133ms)
			ExecutionOrderSort (0ms)
			DisableScriptedObjects (7ms)
			BackupInstance (0ms)
			ReleaseScriptingObjects (0ms)
			CreateAndSetChildDomain (38ms)
		EndReloadAssembly (1085ms)
			LoadAssemblies (107ms)
			RebuildTransferFunctionScriptingTraits (0ms)
			SetupTypeCache (337ms)
			ReleaseScriptCaches (1ms)
			RebuildScriptCaches (52ms)
			SetupLoadedEditorAssemblies (454ms)
				LogAssemblyErrors (0ms)
				InitializePlatformSupportModulesInManaged (6ms)
				SetLoadedEditorAssemblies (1ms)
				RefreshPlugins (1ms)
				BeforeProcessingInitializeOnLoad (78ms)
				ProcessInitializeOnLoadAttributes (353ms)
				ProcessInitializeOnLoadMethodAttributes (7ms)
				AfterProcessingInitializeOnLoad (10ms)
				EditorAssembliesLoaded (0ms)
			ExecutionOrderSort2 (0ms)
			AwakeInstancesAfterBackupRestoration (12ms)
Platform modules already initialized, skipping
Refreshing native plugins compatible for Editor in 0.52 ms, found 3 plugins.
Preloading 0 native plugins for Editor in 0.00 ms.
Unloading 2082 Unused Serialized files (Serialized files now loaded: 0)
System memory in use before: 93.3 MB.
System memory in use after: 93.4 MB.

Unloading 16 unused Assets to reduce memory usage. Loaded Objects now: 2541.
Total: 4.869500 ms (FindLiveObjects: 0.291900 ms CreateObjectMapping: 0.075200 ms MarkObjects: 4.462000 ms  DeleteObjects: 0.038000 ms)

AssetImportParameters requested are different than current active one (requested -> active):
  custom:framework-win-MediaFoundation: 216162199b28c13a410421893ffa2e32 -> 
  custom:video-decoder-ogg-theora: a1e56fd34408186e4bbccfd4996cb3dc -> 
  custom:container-muxer-webm: aa71ff27fc2769a1b78a27578f13a17b -> 
  custom:container-demuxer-webm: 4f35f7cbe854078d1ac9338744f61a02 -> 
  custom:container-demuxer-ogg: 62fdf1f143b41e24485cea50d1cbac27 -> 
  custom:video-encoder-webm-vp8: eb34c28f22e8b96e1ab97ce403110664 -> 
  custom:video-codec-MediaFoundation-h265: 746d11721c4dcdbdad8f713fa42b33f4 -> 
  custom:video-decoder-webm-vp8: 9c59270c3fd7afecdb556c50c9e8de78 -> 
  custom:audio-decoder-ogg-vorbis: bf7c407c2cedff20999df2af8eb42d56 -> 
  custom:audio-encoder-webm-vorbis: bf7c407c2cedff20999df2af8eb42d56 -> 
========================================================================
Received Import Request.
  Time since last request: 557.634263 seconds.
  path: Assets/Sprites/Dead (1).png
  artifactKey: Guid(2720ee2c72f7d8c45962743a53e43f17) Importer(815301076,1909f56bfc062723c751e8b465ee728b)
Start importing Assets/Sprites/Dead (1).png using Guid(2720ee2c72f7d8c45962743a53e43f17) Importer(815301076,1909f56bfc062723c751e8b465ee728b)  -> (artifact id: 'ae33a5a523c44ac52caf17366a84aeee') in 0.311781 seconds 
  Import took 0.320951 seconds .

========================================================================
Received Import Request.
  Time since last request: 0.000605 seconds.
  path: Assets/Sprites/Dead (4).png
  artifactKey: Guid(61dbfe88cd3333548b1fabad38b5a43b) Importer(815301076,1909f56bfc062723c751e8b465ee728b)
Start importing Assets/Sprites/Dead (4).png using Guid(61dbfe88cd3333548b1fabad38b5a43b) Importer(815301076,1909f56bfc062723c751e8b465ee728b)  -> (artifact id: '3fcf94ece2470d98118e900b6a496319') in 0.060724 seconds 
  Import took 0.069558 seconds .

========================================================================
Received Import Request.
  Time since last request: 0.000510 seconds.
  path: Assets/Sprites/Hurt (5).png
  artifactKey: Guid(6e8917fa1d298af43a92292d75d9fc7f) Importer(815301076,1909f56bfc062723c751e8b465ee728b)
Start importing Assets/Sprites/Hurt (5).png using Guid(6e8917fa1d298af43a92292d75d9fc7f) Importer(815301076,1909f56bfc062723c751e8b465ee728b)  -> (artifact id: '2b6dc81e3d18356660573c2c63290674') in 0.076245 seconds 
  Import took 0.085778 seconds .

========================================================================
Received Import Request.
  Time since last request: 0.000700 seconds.
  path: Assets/Sprites/Fall (1).png
  artifactKey: Guid(50ddfc2fb8e238a4c999e85ae2d1ab92) Importer(815301076,1909f56bfc062723c751e8b465ee728b)
Start importing Assets/Sprites/Fall (1).png using Guid(50ddfc2fb8e238a4c999e85ae2d1ab92) Importer(815301076,1909f56bfc062723c751e8b465ee728b)  -> (artifact id: 'b9507e7d04a4491989876fff8f27448a') in 0.055240 seconds 
  Import took 0.063802 seconds .

========================================================================
Received Import Request.
  Time since last request: 0.000583 seconds.
  path: Assets/Sprites/Fall (2).png
  artifactKey: Guid(92d8c56abd31d29428230d0b8d056fab) Importer(815301076,1909f56bfc062723c751e8b465ee728b)
Start importing Assets/Sprites/Fall (2).png using Guid(92d8c56abd31d29428230d0b8d056fab) Importer(815301076,1909f56bfc062723c751e8b465ee728b)  -> (artifact id: '9f9c5a7c53a7a38a498bf0a833486c65') in 0.051539 seconds 
  Import took 0.062995 seconds .

========================================================================
Received Import Request.
  Time since last request: 0.000583 seconds.
  path: Assets/Sprites/Dead (8).png
  artifactKey: Guid(7c1636f3adea1bb4394a427a7d644040) Importer(815301076,1909f56bfc062723c751e8b465ee728b)
Start importing Assets/Sprites/Dead (8).png using Guid(7c1636f3adea1bb4394a427a7d644040) Importer(815301076,1909f56bfc062723c751e8b465ee728b)  -> (artifact id: 'c1d2ff62ef959b8127259282c458a103') in 0.067005 seconds 
  Import took 0.078606 seconds .

========================================================================
Received Import Request.
  Time since last request: 0.002569 seconds.
  path: Assets/Sprites/Hurt (6).png
  artifactKey: Guid(c67861afb47decf4fa59cee07d6d833b) Importer(815301076,1909f56bfc062723c751e8b465ee728b)
Start importing Assets/Sprites/Hurt (6).png using Guid(c67861afb47decf4fa59cee07d6d833b) Importer(815301076,1909f56bfc062723c751e8b465ee728b)  -> (artifact id: '343432640e2508ac80547c7c522ac19d') in 0.060549 seconds 
  Import took 0.076686 seconds .

========================================================================
Received Import Request.
  Time since last request: 0.000512 seconds.
  path: Assets/Sprites/Dead (9).png
  artifactKey: Guid(756379440a8d2a646bc83f2845667453) Importer(815301076,1909f56bfc062723c751e8b465ee728b)
Start importing Assets/Sprites/Dead (9).png using Guid(756379440a8d2a646bc83f2845667453) Importer(815301076,1909f56bfc062723c751e8b465ee728b)  -> (artifact id: 'a30214024a83413ebe52879920d03731') in 0.223964 seconds 
  Import took 0.235103 seconds .

========================================================================
Received Import Request.
  Time since last request: 0.000677 seconds.
  path: Assets/Sprites/Dead (5).png
  artifactKey: Guid(911a13b8505e4b94fb4b89595b13d49e) Importer(815301076,1909f56bfc062723c751e8b465ee728b)
Start importing Assets/Sprites/Dead (5).png using Guid(911a13b8505e4b94fb4b89595b13d49e) Importer(815301076,1909f56bfc062723c751e8b465ee728b)  -> (artifact id: '9843b80834e443e3ea810a65f4355e8d') in 0.060007 seconds 
  Import took 0.069292 seconds .

========================================================================
Received Import Request.
  Time since last request: 0.000581 seconds.
  path: Assets/Sprites/Idle (2).png
  artifactKey: Guid(5e73eb3c0f58f6840b8342e3f81323ef) Importer(815301076,1909f56bfc062723c751e8b465ee728b)
Start importing Assets/Sprites/Idle (2).png using Guid(5e73eb3c0f58f6840b8342e3f81323ef) Importer(815301076,1909f56bfc062723c751e8b465ee728b)  -> (artifact id: '508264e794ca4cdf3c747f6050c1e341') in 0.058784 seconds 
  Import took 0.067736 seconds .

========================================================================
Received Import Request.
  Time since last request: 0.000434 seconds.
  path: Assets/Sprites/Fall (3).png
  artifactKey: Guid(cdd0fe08e1cf75f4e8836700cade6a42) Importer(815301076,1909f56bfc062723c751e8b465ee728b)
Start importing Assets/Sprites/Fall (3).png using Guid(cdd0fe08e1cf75f4e8836700cade6a42) Importer(815301076,1909f56bfc062723c751e8b465ee728b)  -> (artifact id: '7bd79accfc3fa89d789caf0174008867') in 0.044141 seconds 
  Import took 0.051743 seconds .

========================================================================
Received Import Request.
  Time since last request: 0.000594 seconds.
  path: Assets/Sprites/Idle (5).png
  artifactKey: Guid(02500635a5478544cb98ffcd8a221460) Importer(815301076,1909f56bfc062723c751e8b465ee728b)
Start importing Assets/Sprites/Idle (5).png using Guid(02500635a5478544cb98ffcd8a221460) Importer(815301076,1909f56bfc062723c751e8b465ee728b)  -> (artifact id: 'f7d23bc962950bf64b87bbaa4903f9cd') in 0.046566 seconds 
  Import took 0.054438 seconds .

========================================================================
Received Import Request.
  Time since last request: 0.000500 seconds.
  path: Assets/Sprites/Dead (10).png
  artifactKey: Guid(3715b49cad66a814ab59ac917ccd4809) Importer(815301076,1909f56bfc062723c751e8b465ee728b)
Start importing Assets/Sprites/Dead (10).png using Guid(3715b49cad66a814ab59ac917ccd4809) Importer(815301076,1909f56bfc062723c751e8b465ee728b)  -> (artifact id: 'b643e3045e3c6fa4a787e3d447a0c923') in 0.041923 seconds 
  Import took 0.049451 seconds .

========================================================================
Received Import Request.
  Time since last request: 0.000558 seconds.
  path: Assets/Sprites/Fall (4).png
  artifactKey: Guid(a5f40c48331a96447b9e75bfa1228834) Importer(815301076,1909f56bfc062723c751e8b465ee728b)
Start importing Assets/Sprites/Fall (4).png using Guid(a5f40c48331a96447b9e75bfa1228834) Importer(815301076,1909f56bfc062723c751e8b465ee728b)  -> (artifact id: '1a58a9953a0dfc8c9515131210b4c331') in 0.048672 seconds 
  Import took 0.057051 seconds .

========================================================================
Received Import Request.
  Time since last request: 0.000548 seconds.
  path: Assets/Sprites/Fall (6).png
  artifactKey: Guid(77bece8a423812647a8ebb34c6e404e1) Importer(815301076,1909f56bfc062723c751e8b465ee728b)
Start importing Assets/Sprites/Fall (6).png using Guid(77bece8a423812647a8ebb34c6e404e1) Importer(815301076,1909f56bfc062723c751e8b465ee728b)  -> (artifact id: '9270b0a9660f39c91a4b25c838385db3') in 0.042117 seconds 
  Import took 0.050491 seconds .

========================================================================
Received Import Request.
  Time since last request: 0.000523 seconds.
  path: Assets/Sprites/Hurt (8).png
  artifactKey: Guid(3806874d60c1a28469a50aef5201cc3b) Importer(815301076,1909f56bfc062723c751e8b465ee728b)
Start importing Assets/Sprites/Hurt (8).png using Guid(3806874d60c1a28469a50aef5201cc3b) Importer(815301076,1909f56bfc062723c751e8b465ee728b)  -> (artifact id: 'fb8f4e19f0d6fafcd71e9f5e8b56db04') in 0.055281 seconds 
  Import took 0.064998 seconds .

========================================================================
Received Import Request.
  Time since last request: 0.000526 seconds.
  path: Assets/Sprites/Hurt (9).png
  artifactKey: Guid(f17f33e8ceac3e34183477618d68333d) Importer(815301076,1909f56bfc062723c751e8b465ee728b)
Start importing Assets/Sprites/Hurt (9).png using Guid(f17f33e8ceac3e34183477618d68333d) Importer(815301076,1909f56bfc062723c751e8b465ee728b)  -> (artifact id: 'c37041cdaa682a71f491f025dd968f09') in 0.053495 seconds 
  Import took 0.064458 seconds .

========================================================================
Received Import Request.
  Time since last request: 0.000476 seconds.
  path: Assets/Sprites/Idle (1).png
  artifactKey: Guid(9bd2e90a3292c5d40b8a3f49e26a3a68) Importer(815301076,1909f56bfc062723c751e8b465ee728b)
Start importing Assets/Sprites/Idle (1).png using Guid(9bd2e90a3292c5d40b8a3f49e26a3a68) Importer(815301076,1909f56bfc062723c751e8b465ee728b)  -> (artifact id: '17e5a24428e5dd1af194eb2810bedc7a') in 0.049481 seconds 
  Import took 0.058994 seconds .

========================================================================
Received Import Request.
  Time since last request: 0.000570 seconds.
  path: Assets/Sprites/Dead (7).png
  artifactKey: Guid(42c61dcffe87c9447b166a16f6bf1eb5) Importer(815301076,1909f56bfc062723c751e8b465ee728b)
Start importing Assets/Sprites/Dead (7).png using Guid(42c61dcffe87c9447b166a16f6bf1eb5) Importer(815301076,1909f56bfc062723c751e8b465ee728b)  -> (artifact id: 'dc0e6e8400d0268683aaa8f30ad08c6a') in 0.052994 seconds 
  Import took 0.062001 seconds .

========================================================================
Received Import Request.
  Time since last request: 0.000623 seconds.
  path: Assets/Sprites/Hurt (4).png
  artifactKey: Guid(1fdeed0d3017c2f429b643ecaf924164) Importer(815301076,1909f56bfc062723c751e8b465ee728b)
Start importing Assets/Sprites/Hurt (4).png using Guid(1fdeed0d3017c2f429b643ecaf924164) Importer(815301076,1909f56bfc062723c751e8b465ee728b)  -> (artifact id: '05aafb66e37c29d862638aa4fd63bcbd') in 0.053493 seconds 
  Import took 0.063239 seconds .

========================================================================
Received Import Request.
  Time since last request: 0.000660 seconds.
  path: Assets/Sprites/Hurt (3).png
  artifactKey: Guid(2e27358d2be459b4e98697b08e21939b) Importer(815301076,1909f56bfc062723c751e8b465ee728b)
Start importing Assets/Sprites/Hurt (3).png using Guid(2e27358d2be459b4e98697b08e21939b) Importer(815301076,1909f56bfc062723c751e8b465ee728b)  -> (artifact id: '72c0abd930ac1ad415bb816c87c334ad') in 0.051028 seconds 
  Import took 0.060029 seconds .

========================================================================
Received Import Request.
  Time since last request: 0.000703 seconds.
  path: Assets/Sprites/Idle (3).png
  artifactKey: Guid(8f27ca1683d151a4287c4cf5fc8c8821) Importer(815301076,1909f56bfc062723c751e8b465ee728b)
Start importing Assets/Sprites/Idle (3).png using Guid(8f27ca1683d151a4287c4cf5fc8c8821) Importer(815301076,1909f56bfc062723c751e8b465ee728b)  -> (artifact id: '1bd7d29d89eebb677b026b4858b6e9e8') in 0.048136 seconds 
  Import took 0.058901 seconds .

========================================================================
Received Import Request.
  Time since last request: 0.000590 seconds.
  path: Assets/Sprites/Dead (3).png
  artifactKey: Guid(71b4e499014e7ce468545624e247bc03) Importer(815301076,1909f56bfc062723c751e8b465ee728b)
Start importing Assets/Sprites/Dead (3).png using Guid(71b4e499014e7ce468545624e247bc03) Importer(815301076,1909f56bfc062723c751e8b465ee728b)  -> (artifact id: '2173b1cfdf4e5bcbd1eee14a30109140') in 0.050080 seconds 
  Import took 0.058574 seconds .

========================================================================
Received Import Request.
  Time since last request: 0.000585 seconds.
  path: Assets/Sprites/Fall (8).png
  artifactKey: Guid(f1f894a6ccfe9554eb7a45bea7aa5249) Importer(815301076,1909f56bfc062723c751e8b465ee728b)
Start importing Assets/Sprites/Fall (8).png using Guid(f1f894a6ccfe9554eb7a45bea7aa5249) Importer(815301076,1909f56bfc062723c751e8b465ee728b)  -> (artifact id: '36b6740dde4eda3e28d6dd7a9eee770a') in 0.047770 seconds 
  Import took 0.056781 seconds .

========================================================================
Received Import Request.
  Time since last request: 0.000557 seconds.
  path: Assets/Sprites/Hurt (7).png
  artifactKey: Guid(498e64e843134c142bada71aa62d884c) Importer(815301076,1909f56bfc062723c751e8b465ee728b)
Start importing Assets/Sprites/Hurt (7).png using Guid(498e64e843134c142bada71aa62d884c) Importer(815301076,1909f56bfc062723c751e8b465ee728b)  -> (artifact id: '48d7ec85ef644897cf8bb604b9ce9349') in 0.068990 seconds 
  Import took 0.079910 seconds .

========================================================================
Received Import Request.
  Time since last request: 0.000830 seconds.
  path: Assets/Sprites/Hurt (2).png
  artifactKey: Guid(b88283e3619599542b2742af2b48dea6) Importer(815301076,1909f56bfc062723c751e8b465ee728b)
Start importing Assets/Sprites/Hurt (2).png using Guid(b88283e3619599542b2742af2b48dea6) Importer(815301076,1909f56bfc062723c751e8b465ee728b)  -> (artifact id: 'afb3af143740b9850a92a59af3e010db') in 0.067660 seconds 
  Import took 0.077455 seconds .

========================================================================
Received Import Request.
  Time since last request: 0.000536 seconds.
  path: Assets/Sprites/Idle (4).png
  artifactKey: Guid(4b7871ae93d725b40b493c2fda83d75d) Importer(815301076,1909f56bfc062723c751e8b465ee728b)
Start importing Assets/Sprites/Idle (4).png using Guid(4b7871ae93d725b40b493c2fda83d75d) Importer(815301076,1909f56bfc062723c751e8b465ee728b)  -> (artifact id: '26a83d5ed79558f91fa4a0c4f303f93c') in 0.063185 seconds 
  Import took 0.076116 seconds .

========================================================================
Received Import Request.
  Time since last request: 0.000854 seconds.
  path: Assets/Sprites/Dead (6).png
  artifactKey: Guid(57f23849ecfabfa4fa2d0d06eea364d1) Importer(815301076,1909f56bfc062723c751e8b465ee728b)
Start importing Assets/Sprites/Dead (6).png using Guid(57f23849ecfabfa4fa2d0d06eea364d1) Importer(815301076,1909f56bfc062723c751e8b465ee728b)  -> (artifact id: '6b177347f6868f73518bc9d7f02e686e') in 0.083353 seconds 
  Import took 0.094071 seconds .

========================================================================
Received Import Request.
  Time since last request: 0.000570 seconds.
  path: Assets/Sprites/Fall (5).png
  artifactKey: Guid(4eb6616105add5a488ca86c1f031ab5c) Importer(815301076,1909f56bfc062723c751e8b465ee728b)
Start importing Assets/Sprites/Fall (5).png using Guid(4eb6616105add5a488ca86c1f031ab5c) Importer(815301076,1909f56bfc062723c751e8b465ee728b)  -> (artifact id: 'ac61a2d05736e351be8cdefcf9c6749c') in 0.055885 seconds 
  Import took 0.065430 seconds .

========================================================================
Received Import Request.
  Time since last request: 0.000717 seconds.
  path: Assets/Sprites/Dead (2).png
  artifactKey: Guid(377cef5ce5c0abf49a51050b2b13f1e5) Importer(815301076,1909f56bfc062723c751e8b465ee728b)
Start importing Assets/Sprites/Dead (2).png using Guid(377cef5ce5c0abf49a51050b2b13f1e5) Importer(815301076,1909f56bfc062723c751e8b465ee728b)  -> (artifact id: '9432c85fe0dfc7cd8f8d0b75b4cf9822') in 0.053596 seconds 
  Import took 0.062290 seconds .

========================================================================
Received Import Request.
  Time since last request: 0.000862 seconds.
  path: Assets/Sprites/Fall (7).png
  artifactKey: Guid(1d5e8be8a4446aa42b3088130a9f35a8) Importer(815301076,1909f56bfc062723c751e8b465ee728b)
Start importing Assets/Sprites/Fall (7).png using Guid(1d5e8be8a4446aa42b3088130a9f35a8) Importer(815301076,1909f56bfc062723c751e8b465ee728b)  -> (artifact id: '9b1e696b2166a32d17e78bc04ced7ea6') in 0.049235 seconds 
  Import took 0.058661 seconds .

========================================================================
Received Import Request.
  Time since last request: 0.000606 seconds.
  path: Assets/Sprites/Hurt (1).png
  artifactKey: Guid(198f20b758e20264bbd454115255949b) Importer(815301076,1909f56bfc062723c751e8b465ee728b)
Start importing Assets/Sprites/Hurt (1).png using Guid(198f20b758e20264bbd454115255949b) Importer(815301076,1909f56bfc062723c751e8b465ee728b)  -> (artifact id: 'e2564bebb2071d3cf1aa466ecfb02c83') in 0.048728 seconds 
  Import took 0.057690 seconds .

========================================================================
Received Import Request.
  Time since last request: 0.000615 seconds.
  path: Assets/Sprites/Fall (7).png
  artifactKey: Guid(1d5e8be8a4446aa42b3088130a9f35a8) Importer(815301076,1909f56bfc062723c751e8b465ee728b)
Start importing Assets/Sprites/Fall (7).png using Guid(1d5e8be8a4446aa42b3088130a9f35a8) Importer(815301076,1909f56bfc062723c751e8b465ee728b)  -> (artifact id: '9b1e696b2166a32d17e78bc04ced7ea6') in 0.041703 seconds 
  Import took 0.052405 seconds .

========================================================================
Received Import Request.
  Time since last request: 0.000534 seconds.
  path: Assets/Sprites/Hurt (1).png
  artifactKey: Guid(198f20b758e20264bbd454115255949b) Importer(815301076,1909f56bfc062723c751e8b465ee728b)
Start importing Assets/Sprites/Hurt (1).png using Guid(198f20b758e20264bbd454115255949b) Importer(815301076,1909f56bfc062723c751e8b465ee728b)  -> (artifact id: 'e2564bebb2071d3cf1aa466ecfb02c83') in 0.038811 seconds 
  Import took 0.048048 seconds .

========================================================================
Received Import Request.
  Time since last request: 0.000617 seconds.
  path: Assets/Sprites/Hurt (10).png
  artifactKey: Guid(d3193be76cbd1a546b0580b49b30e3ee) Importer(815301076,1909f56bfc062723c751e8b465ee728b)
Start importing Assets/Sprites/Hurt (10).png using Guid(d3193be76cbd1a546b0580b49b30e3ee) Importer(815301076,1909f56bfc062723c751e8b465ee728b)  -> (artifact id: 'de54e4d341a50813d404f3a89e907d08') in 0.048675 seconds 
  Import took 0.058492 seconds .

========================================================================
Received Import Request.
  Time since last request: 49.532301 seconds.
  path: Assets/Sprites/Idle (6).png
  artifactKey: Guid(3772e944973101f4792f9ae28562acf3) Importer(815301076,1909f56bfc062723c751e8b465ee728b)
Start importing Assets/Sprites/Idle (6).png using Guid(3772e944973101f4792f9ae28562acf3) Importer(815301076,1909f56bfc062723c751e8b465ee728b)  -> (artifact id: 'ab1e30284c9133f72976054692c1b7b3') in 0.141125 seconds 
  Import took 0.153743 seconds .

========================================================================
Received Import Request.
  Time since last request: 0.000671 seconds.
  path: Assets/Sprites/Idle (8).png
  artifactKey: Guid(5eb12a46eba91724b95979556acd4b73) Importer(815301076,1909f56bfc062723c751e8b465ee728b)
Start importing Assets/Sprites/Idle (8).png using Guid(5eb12a46eba91724b95979556acd4b73) Importer(815301076,1909f56bfc062723c751e8b465ee728b)  -> (artifact id: '836a97cd9af516240e078cdcebc2ed22') in 0.060041 seconds 
  Import took 0.072084 seconds .

========================================================================
Received Import Request.
  Time since last request: 0.000633 seconds.
  path: Assets/Sprites/Jump (2).png
  artifactKey: Guid(5c553c1a2854a0e42bc176b1dfc49f1a) Importer(815301076,1909f56bfc062723c751e8b465ee728b)
Start importing Assets/Sprites/Jump (2).png using Guid(5c553c1a2854a0e42bc176b1dfc49f1a) Importer(815301076,1909f56bfc062723c751e8b465ee728b)  -> (artifact id: '594cb2e2b243b62ac02e9b46966e2a48') in 0.049478 seconds 
  Import took 0.059720 seconds .

========================================================================
Received Import Request.
  Time since last request: 0.000873 seconds.
  path: Assets/Sprites/Jump (4).png
  artifactKey: Guid(0555a84ab0c6cae4dbe327e04a47cb5b) Importer(815301076,1909f56bfc062723c751e8b465ee728b)
Start importing Assets/Sprites/Jump (4).png using Guid(0555a84ab0c6cae4dbe327e04a47cb5b) Importer(815301076,1909f56bfc062723c751e8b465ee728b)  -> (artifact id: 'c781c8907ca5d75535e0a4589d2237ba') in 0.057822 seconds 
  Import took 0.068640 seconds .

========================================================================
Received Import Request.
  Time since last request: 0.000598 seconds.
  path: Assets/Sprites/Jump (7).png
  artifactKey: Guid(01ebb0925a538a542b06c065931da885) Importer(815301076,1909f56bfc062723c751e8b465ee728b)
Start importing Assets/Sprites/Jump (7).png using Guid(01ebb0925a538a542b06c065931da885) Importer(815301076,1909f56bfc062723c751e8b465ee728b)  -> (artifact id: '927cbd5a17df5703c7c6635f7c16c6b0') in 0.064963 seconds 
  Import took 0.078871 seconds .

========================================================================
Received Import Request.
  Time since last request: 0.000590 seconds.
  path: Assets/Sprites/Run (1).png
  artifactKey: Guid(b24df6ea9db2827428567cffa5565d39) Importer(815301076,1909f56bfc062723c751e8b465ee728b)
Start importing Assets/Sprites/Run (1).png using Guid(b24df6ea9db2827428567cffa5565d39) Importer(815301076,1909f56bfc062723c751e8b465ee728b)  -> (artifact id: '44e3f21108a143645f2645aff1d0abe2') in 0.067261 seconds 
  Import took 0.079485 seconds .

========================================================================
Received Import Request.
  Time since last request: 0.000607 seconds.
  path: Assets/Sprites/Run (3).png
  artifactKey: Guid(cf2e4893c96033445b7d9614aea3dd41) Importer(815301076,1909f56bfc062723c751e8b465ee728b)
Start importing Assets/Sprites/Run (3).png using Guid(cf2e4893c96033445b7d9614aea3dd41) Importer(815301076,1909f56bfc062723c751e8b465ee728b)  -> (artifact id: '64e32b0e4c214d5ef11d0dac09533dde') in 0.065118 seconds 
  Import took 0.077806 seconds .

========================================================================
Received Import Request.
  Time since last request: 0.000598 seconds.
  path: Assets/Sprites/Jump (1).png
  artifactKey: Guid(10f3f04f96cc5684492e3da2323ba0f6) Importer(815301076,1909f56bfc062723c751e8b465ee728b)
Start importing Assets/Sprites/Jump (1).png using Guid(10f3f04f96cc5684492e3da2323ba0f6) Importer(815301076,1909f56bfc062723c751e8b465ee728b)  -> (artifact id: 'eac7da674e27f7d4f1293d79efcc27d4') in 0.054800 seconds 
  Import took 0.067134 seconds .

========================================================================
Received Import Request.
  Time since last request: 0.000525 seconds.
  path: Assets/Sprites/Jump (3).png
  artifactKey: Guid(11c59e7ccf0bee74e91c96d2da278283) Importer(815301076,1909f56bfc062723c751e8b465ee728b)
Start importing Assets/Sprites/Jump (3).png using Guid(11c59e7ccf0bee74e91c96d2da278283) Importer(815301076,1909f56bfc062723c751e8b465ee728b)  -> (artifact id: '87b919e05de5248cfedacdd6789910ca') in 0.051111 seconds 
  Import took 0.059434 seconds .

========================================================================
Received Import Request.
  Time since last request: 0.000584 seconds.
  path: Assets/Sprites/Run (2).png
  artifactKey: Guid(49a9898357ff27640b8a218975fcba18) Importer(815301076,1909f56bfc062723c751e8b465ee728b)
Start importing Assets/Sprites/Run (2).png using Guid(49a9898357ff27640b8a218975fcba18) Importer(815301076,1909f56bfc062723c751e8b465ee728b)  -> (artifact id: '9f6c24e22565b3d26c72f04e0fc6b41a') in 0.056295 seconds 
  Import took 0.065780 seconds .

========================================================================
Received Import Request.
  Time since last request: 0.000679 seconds.
  path: Assets/Sprites/Idle (10).png
  artifactKey: Guid(6bd387d90ff4f0b408b9a27dd3e2220a) Importer(815301076,1909f56bfc062723c751e8b465ee728b)
Start importing Assets/Sprites/Idle (10).png using Guid(6bd387d90ff4f0b408b9a27dd3e2220a) Importer(815301076,1909f56bfc062723c751e8b465ee728b)  -> (artifact id: 'e44fa115f0f2ab740e108102ab2bbe50') in 0.048990 seconds 
  Import took 0.057994 seconds .

========================================================================
Received Import Request.
  Time since last request: 0.000605 seconds.
  path: Assets/Sprites/Idle (9).png
  artifactKey: Guid(19701c3053fa1e64db54823d3ce0dc01) Importer(815301076,1909f56bfc062723c751e8b465ee728b)
Start importing Assets/Sprites/Idle (9).png using Guid(19701c3053fa1e64db54823d3ce0dc01) Importer(815301076,1909f56bfc062723c751e8b465ee728b)  -> (artifact id: 'c33a764d528e94455f8387f45db0d662') in 0.051956 seconds 
  Import took 0.061312 seconds .

========================================================================
Received Import Request.
  Time since last request: 0.000834 seconds.
  path: Assets/Sprites/Idle (7).png
  artifactKey: Guid(9944545036e0dfc43867b9e49d4df9b5) Importer(815301076,1909f56bfc062723c751e8b465ee728b)
Start importing Assets/Sprites/Idle (7).png using Guid(9944545036e0dfc43867b9e49d4df9b5) Importer(815301076,1909f56bfc062723c751e8b465ee728b)  -> (artifact id: '646b56cb571e939c604a58aa91744da2') in 0.051176 seconds 
  Import took 0.060250 seconds .

========================================================================
Received Import Request.
  Time since last request: 0.000615 seconds.
  path: Assets/Sprites/Jump (8).png
  artifactKey: Guid(d1e24c072f8ddb646983b8cdde6bc097) Importer(815301076,1909f56bfc062723c751e8b465ee728b)
Start importing Assets/Sprites/Jump (8).png using Guid(d1e24c072f8ddb646983b8cdde6bc097) Importer(815301076,1909f56bfc062723c751e8b465ee728b)  -> (artifact id: '90f20f8cf2f4bdd385e5b179cf62ca0a') in 0.049443 seconds 
  Import took 0.058806 seconds .

========================================================================
Received Import Request.
  Time since last request: 0.000604 seconds.
  path: Assets/Sprites/Jump (5).png
  artifactKey: Guid(93cb4066e1fd3b94083734d93647e5dd) Importer(815301076,1909f56bfc062723c751e8b465ee728b)
Start importing Assets/Sprites/Jump (5).png using Guid(93cb4066e1fd3b94083734d93647e5dd) Importer(815301076,1909f56bfc062723c751e8b465ee728b)  -> (artifact id: '9ec297d4eba30c9cea1e0c5c9035e0a0') in 0.044864 seconds 
  Import took 0.055720 seconds .

========================================================================
Received Import Request.
  Time since last request: 0.000619 seconds.
  path: Assets/Sprites/Jump (6).png
  artifactKey: Guid(23e7f2dcf6a2c314aab5d04477308cba) Importer(815301076,1909f56bfc062723c751e8b465ee728b)
Start importing Assets/Sprites/Jump (6).png using Guid(23e7f2dcf6a2c314aab5d04477308cba) Importer(815301076,1909f56bfc062723c751e8b465ee728b)  -> (artifact id: 'bbf3d6d472c67f719495f5463d1c5554') in 0.051864 seconds 
  Import took 0.061045 seconds .

========================================================================
Received Import Request.
  Time since last request: 0.000583 seconds.
  path: Assets/Sprites/Idle (6).png
  artifactKey: Guid(3772e944973101f4792f9ae28562acf3) Importer(815301076,1909f56bfc062723c751e8b465ee728b)
Start importing Assets/Sprites/Idle (6).png using Guid(3772e944973101f4792f9ae28562acf3) Importer(815301076,1909f56bfc062723c751e8b465ee728b)  -> (artifact id: 'ab1e30284c9133f72976054692c1b7b3') in 0.038371 seconds 
  Import took 0.049122 seconds .

========================================================================
Received Import Request.
  Time since last request: 2.198329 seconds.
  path: Assets/Sprites/Run (4).png
  artifactKey: Guid(47e789b981da8124eab1db34cb0ab225) Importer(815301076,1909f56bfc062723c751e8b465ee728b)
Start importing Assets/Sprites/Run (4).png using Guid(47e789b981da8124eab1db34cb0ab225) Importer(815301076,1909f56bfc062723c751e8b465ee728b)  -> (artifact id: 'c58d06af22718bd7f7b8a2482b73d76e') in 0.054328 seconds 
  Import took 0.065540 seconds .

========================================================================
Received Import Request.
  Time since last request: 0.000539 seconds.
  path: Assets/Sprites/Run (7).png
  artifactKey: Guid(ff8cc021166ab3943a7b3dc2f50911e3) Importer(815301076,1909f56bfc062723c751e8b465ee728b)
Start importing Assets/Sprites/Run (7).png using Guid(ff8cc021166ab3943a7b3dc2f50911e3) Importer(815301076,1909f56bfc062723c751e8b465ee728b)  -> (artifact id: '9edf201b0ebf991e38fa277a0aa92352') in 0.074124 seconds 
  Import took 0.099570 seconds .

========================================================================
Received Import Request.
  Time since last request: 0.000612 seconds.
  path: Assets/Sprites/Run (5).png
  artifactKey: Guid(b628422400706ce4687c5c0d213d65ca) Importer(815301076,1909f56bfc062723c751e8b465ee728b)
Start importing Assets/Sprites/Run (5).png using Guid(b628422400706ce4687c5c0d213d65ca) Importer(815301076,1909f56bfc062723c751e8b465ee728b)  -> (artifact id: 'b42d14edf8dcde2644918bbd05f94161') in 0.086690 seconds 
  Import took 0.100700 seconds .

========================================================================
Received Import Request.
  Time since last request: 0.002259 seconds.
  path: Assets/Sprites/Slide (4).png
  artifactKey: Guid(20c20b3fe82704a4f85d3dcf3d22df98) Importer(815301076,1909f56bfc062723c751e8b465ee728b)
Start importing Assets/Sprites/Slide (4).png using Guid(20c20b3fe82704a4f85d3dcf3d22df98) Importer(815301076,1909f56bfc062723c751e8b465ee728b)  -> (artifact id: '3ff9a52dc7961cf561528338d1b898ad') in 0.072907 seconds 
  Import took 0.086877 seconds .

========================================================================
Received Import Request.
  Time since last request: 0.002722 seconds.
  path: Assets/Sprites/Run (6).png
  artifactKey: Guid(2e119564d7a78f643963918b4a10ccae) Importer(815301076,1909f56bfc062723c751e8b465ee728b)
Start importing Assets/Sprites/Run (6).png using Guid(2e119564d7a78f643963918b4a10ccae) Importer(815301076,1909f56bfc062723c751e8b465ee728b)  -> (artifact id: 'b890d9f40c9055dc94fc1b63d18261c3') in 0.076593 seconds 
  Import took 0.090040 seconds .

========================================================================
Received Import Request.
  Time since last request: 0.002019 seconds.
  path: Assets/Sprites/Slide (6).png
  artifactKey: Guid(16ed2927709f90e4c9e0e33a865ffb7f) Importer(815301076,1909f56bfc062723c751e8b465ee728b)
Start importing Assets/Sprites/Slide (6).png using Guid(16ed2927709f90e4c9e0e33a865ffb7f) Importer(815301076,1909f56bfc062723c751e8b465ee728b)  -> (artifact id: '836283ca916f67d632a568905f4db1fb') in 0.071889 seconds 
  Import took 0.083508 seconds .

========================================================================
Received Import Request.
  Time since last request: 0.000520 seconds.
  path: Assets/Sprites/Run (8).png
  artifactKey: Guid(533304c44fd1471499202fd861afeaf9) Importer(815301076,1909f56bfc062723c751e8b465ee728b)
Start importing Assets/Sprites/Run (8).png using Guid(533304c44fd1471499202fd861afeaf9) Importer(815301076,1909f56bfc062723c751e8b465ee728b)  -> (artifact id: 'ba9c7d2b353fb3cd79df4dbc46767bb0') in 0.049291 seconds 
  Import took 0.059337 seconds .

========================================================================
Received Import Request.
  Time since last request: 0.000626 seconds.
  path: Assets/Sprites/Slide (5).png
  artifactKey: Guid(469be703a2aae444caebb8350468b579) Importer(815301076,1909f56bfc062723c751e8b465ee728b)
Start importing Assets/Sprites/Slide (5).png using Guid(469be703a2aae444caebb8350468b579) Importer(815301076,1909f56bfc062723c751e8b465ee728b)  -> (artifact id: '442fc878fd57fc1e39b5c0d01f642c78') in 0.045599 seconds 
  Import took 0.055884 seconds .

========================================================================
Received Import Request.
  Time since last request: 0.000510 seconds.
  path: Assets/Sprites/Run (4).png
  artifactKey: Guid(47e789b981da8124eab1db34cb0ab225) Importer(815301076,1909f56bfc062723c751e8b465ee728b)
Start importing Assets/Sprites/Run (4).png using Guid(47e789b981da8124eab1db34cb0ab225) Importer(815301076,1909f56bfc062723c751e8b465ee728b)  -> (artifact id: 'c58d06af22718bd7f7b8a2482b73d76e') in 0.041654 seconds 
  Import took 0.050020 seconds .

========================================================================
Received Import Request.
  Time since last request: 0.000580 seconds.
  path: Assets/Sprites/Slide (1).png
  artifactKey: Guid(a5c902712ee86674db3a706e101118ef) Importer(815301076,1909f56bfc062723c751e8b465ee728b)
Start importing Assets/Sprites/Slide (1).png using Guid(a5c902712ee86674db3a706e101118ef) Importer(815301076,1909f56bfc062723c751e8b465ee728b)  -> (artifact id: '2eddfb942b87b20803faa295be776ee3') in 0.049104 seconds 
  Import took 0.058002 seconds .

========================================================================
Received Import Request.
  Time since last request: 0.000575 seconds.
  path: Assets/Sprites/Slide (2).png
  artifactKey: Guid(10e23b37cfb720c469b1676b77b1e142) Importer(815301076,1909f56bfc062723c751e8b465ee728b)
Start importing Assets/Sprites/Slide (2).png using Guid(10e23b37cfb720c469b1676b77b1e142) Importer(815301076,1909f56bfc062723c751e8b465ee728b)  -> (artifact id: '0c4cd1f2230df132c0c1216e3ecb9799') in 0.052619 seconds 
  Import took 0.061088 seconds .

========================================================================
Received Import Request.
  Time since last request: 0.000557 seconds.
  path: Assets/Sprites/Slide (3).png
  artifactKey: Guid(55e65b94f23cec24e9abcfde81a671bc) Importer(815301076,1909f56bfc062723c751e8b465ee728b)
Start importing Assets/Sprites/Slide (3).png using Guid(55e65b94f23cec24e9abcfde81a671bc) Importer(815301076,1909f56bfc062723c751e8b465ee728b)  -> (artifact id: '7fe88b461dd0e4606beada88ad870206') in 0.052136 seconds 
  Import took 0.061014 seconds .

========================================================================
Received Import Request.
  Time since last request: 0.000521 seconds.
  path: Assets/Sprites/Slide (7).png
  artifactKey: Guid(eda90e01a58a31c468335d48b1efd0d1) Importer(815301076,1909f56bfc062723c751e8b465ee728b)
Start importing Assets/Sprites/Slide (7).png using Guid(eda90e01a58a31c468335d48b1efd0d1) Importer(815301076,1909f56bfc062723c751e8b465ee728b)  -> (artifact id: 'a4ae016aeac411b8fa0e64f9b7217962') in 0.054435 seconds 
  Import took 0.063908 seconds .

========================================================================
Received Prepare
Registering precompiled user dll's ...
Registered in 0.016221 seconds.
Begin MonoManager ReloadAssembly
Native extension for WindowsStandalone target not found
Refreshing native plugins compatible for Editor in 1.58 ms, found 3 plugins.
Preloading 0 native plugins for Editor in 0.00 ms.
Mono: successfully reloaded assembly
- Completed reload, in  3.645 seconds
Domain Reload Profiling:
	ReloadAssembly (3646ms)
		BeginReloadAssembly (338ms)
			ExecutionOrderSort (0ms)
			DisableScriptedObjects (20ms)
			BackupInstance (0ms)
			ReleaseScriptingObjects (0ms)
			CreateAndSetChildDomain (101ms)
		EndReloadAssembly (3062ms)
			LoadAssemblies (350ms)
			RebuildTransferFunctionScriptingTraits (0ms)
			SetupTypeCache (999ms)
			ReleaseScriptCaches (2ms)
			RebuildScriptCaches (128ms)
			SetupLoadedEditorAssemblies (1258ms)
				LogAssemblyErrors (0ms)
				InitializePlatformSupportModulesInManaged (15ms)
				SetLoadedEditorAssemblies (2ms)
				RefreshPlugins (2ms)
				BeforeProcessingInitializeOnLoad (200ms)
				ProcessInitializeOnLoadAttributes (995ms)
				ProcessInitializeOnLoadMethodAttributes (19ms)
				AfterProcessingInitializeOnLoad (24ms)
				EditorAssembliesLoaded (0ms)
			ExecutionOrderSort2 (0ms)
			AwakeInstancesAfterBackupRestoration (33ms)
Platform modules already initialized, skipping
Refreshing native plugins compatible for Editor in 1.27 ms, found 3 plugins.
Preloading 0 native plugins for Editor in 0.00 ms.
Unloading 2082 Unused Serialized files (Serialized files now loaded: 0)
System memory in use before: 96.3 MB.
System memory in use after: 96.4 MB.

Unloading 16 unused Assets to reduce memory usage. Loaded Objects now: 2552.
Total: 11.755800 ms (FindLiveObjects: 0.582400 ms CreateObjectMapping: 0.177800 ms MarkObjects: 10.935400 ms  DeleteObjects: 0.056800 ms)

AssetImportParameters requested are different than current active one (requested -> active):
  custom:framework-win-MediaFoundation: 216162199b28c13a410421893ffa2e32 -> 
  custom:video-decoder-ogg-theora: a1e56fd34408186e4bbccfd4996cb3dc -> 
  custom:container-muxer-webm: aa71ff27fc2769a1b78a27578f13a17b -> 
  custom:container-demuxer-webm: 4f35f7cbe854078d1ac9338744f61a02 -> 
  custom:container-demuxer-ogg: 62fdf1f143b41e24485cea50d1cbac27 -> 
  custom:video-encoder-webm-vp8: eb34c28f22e8b96e1ab97ce403110664 -> 
  custom:video-codec-MediaFoundation-h265: 746d11721c4dcdbdad8f713fa42b33f4 -> 
  custom:video-decoder-webm-vp8: 9c59270c3fd7afecdb556c50c9e8de78 -> 
  custom:audio-decoder-ogg-vorbis: bf7c407c2cedff20999df2af8eb42d56 -> 
  custom:audio-encoder-webm-vorbis: bf7c407c2cedff20999df2af8eb42d56 -> 
========================================================================
Received Prepare
Registering precompiled user dll's ...
Registered in 0.017566 seconds.
Begin MonoManager ReloadAssembly
Native extension for WindowsStandalone target not found
Refreshing native plugins compatible for Editor in 1.19 ms, found 3 plugins.
Preloading 0 native plugins for Editor in 0.00 ms.
Mono: successfully reloaded assembly
- Completed reload, in  3.750 seconds
Domain Reload Profiling:
	ReloadAssembly (3752ms)
		BeginReloadAssembly (403ms)
			ExecutionOrderSort (0ms)
			DisableScriptedObjects (21ms)
			BackupInstance (0ms)
			ReleaseScriptingObjects (0ms)
			CreateAndSetChildDomain (121ms)
		EndReloadAssembly (3132ms)
			LoadAssemblies (350ms)
			RebuildTransferFunctionScriptingTraits (0ms)
			SetupTypeCache (1070ms)
			ReleaseScriptCaches (3ms)
			RebuildScriptCaches (136ms)
			SetupLoadedEditorAssemblies (1234ms)
				LogAssemblyErrors (0ms)
				InitializePlatformSupportModulesInManaged (17ms)
				SetLoadedEditorAssemblies (1ms)
				RefreshPlugins (1ms)
				BeforeProcessingInitializeOnLoad (213ms)
				ProcessInitializeOnLoadAttributes (955ms)
				ProcessInitializeOnLoadMethodAttributes (20ms)
				AfterProcessingInitializeOnLoad (27ms)
				EditorAssembliesLoaded (0ms)
			ExecutionOrderSort2 (0ms)
			AwakeInstancesAfterBackupRestoration (37ms)
Platform modules already initialized, skipping
Refreshing native plugins compatible for Editor in 1.09 ms, found 3 plugins.
Preloading 0 native plugins for Editor in 0.00 ms.
Unloading 2082 Unused Serialized files (Serialized files now loaded: 0)
System memory in use before: 96.3 MB.
System memory in use after: 96.4 MB.

Unloading 16 unused Assets to reduce memory usage. Loaded Objects now: 2555.
Total: 8.668800 ms (FindLiveObjects: 0.465000 ms CreateObjectMapping: 0.141200 ms MarkObjects: 8.001500 ms  DeleteObjects: 0.055800 ms)

AssetImportParameters requested are different than current active one (requested -> active):
  custom:framework-win-MediaFoundation: 216162199b28c13a410421893ffa2e32 -> 
  custom:video-decoder-ogg-theora: a1e56fd34408186e4bbccfd4996cb3dc -> 
  custom:container-muxer-webm: aa71ff27fc2769a1b78a27578f13a17b -> 
  custom:container-demuxer-webm: 4f35f7cbe854078d1ac9338744f61a02 -> 
  custom:container-demuxer-ogg: 62fdf1f143b41e24485cea50d1cbac27 -> 
  custom:video-encoder-webm-vp8: eb34c28f22e8b96e1ab97ce403110664 -> 
  custom:video-codec-MediaFoundation-h265: 746d11721c4dcdbdad8f713fa42b33f4 -> 
  custom:video-decoder-webm-vp8: 9c59270c3fd7afecdb556c50c9e8de78 -> 
  custom:audio-decoder-ogg-vorbis: bf7c407c2cedff20999df2af8eb42d56 -> 
  custom:audio-encoder-webm-vorbis: bf7c407c2cedff20999df2af8eb42d56 -> 
========================================================================
Received Import Request.
  Time since last request: 199.433317 seconds.
  path: Assets/Sprites/Slide (8).png
  artifactKey: Guid(34c70e71d69377943a4f53182866dd58) Importer(815301076,1909f56bfc062723c751e8b465ee728b)
Start importing Assets/Sprites/Slide (8).png using Guid(34c70e71d69377943a4f53182866dd58) Importer(815301076,1909f56bfc062723c751e8b465ee728b)  -> (artifact id: 'c5008f0a4aee4141714a3154a85cf2f1') in 0.178370 seconds 
  Import took 0.188047 seconds .

========================================================================
Received Import Request.
  Time since last request: 0.000548 seconds.
  path: Assets/Sprites/Walk (1).png
  artifactKey: Guid(0c9eae5ee5675044b84445a7166ea4e4) Importer(815301076,1909f56bfc062723c751e8b465ee728b)
Start importing Assets/Sprites/Walk (1).png using Guid(0c9eae5ee5675044b84445a7166ea4e4) Importer(815301076,1909f56bfc062723c751e8b465ee728b)  -> (artifact id: 'e503475ad2dcd1806fb6d6e2e7fec660') in 0.060498 seconds 
  Import took 0.070782 seconds .

========================================================================
Received Import Request.
  Time since last request: 0.000478 seconds.
  path: Assets/Sprites/Walk (6).png
  artifactKey: Guid(f777ceef02c793446a116fe4082e669d) Importer(815301076,1909f56bfc062723c751e8b465ee728b)
Start importing Assets/Sprites/Walk (6).png using Guid(f777ceef02c793446a116fe4082e669d) Importer(815301076,1909f56bfc062723c751e8b465ee728b)  -> (artifact id: 'c9df4ee2d9390e71fb4d6270dc26fdfe') in 0.062498 seconds 
  Import took 0.077680 seconds .

========================================================================
Received Import Request.
  Time since last request: 0.000475 seconds.
  path: Assets/Sprites/Walk (7).png
  artifactKey: Guid(7eec909826ec77149ba89070a61104ab) Importer(815301076,1909f56bfc062723c751e8b465ee728b)
Start importing Assets/Sprites/Walk (7).png using Guid(7eec909826ec77149ba89070a61104ab) Importer(815301076,1909f56bfc062723c751e8b465ee728b)  -> (artifact id: '5e7635ca3a098d9b325b6bded239f8b5') in 0.055276 seconds 
  Import took 0.066497 seconds .

========================================================================
Received Import Request.
  Time since last request: 0.000549 seconds.
  path: Assets/Sprites/Walk (3).png
  artifactKey: Guid(b16aaed45a3c60541a406ed6781ef220) Importer(815301076,1909f56bfc062723c751e8b465ee728b)
Start importing Assets/Sprites/Walk (3).png using Guid(b16aaed45a3c60541a406ed6781ef220) Importer(815301076,1909f56bfc062723c751e8b465ee728b)  -> (artifact id: '6531b7ca1f351890595c5dc971ab024c') in 0.058633 seconds 
  Import took 0.068033 seconds .

========================================================================
Received Import Request.
  Time since last request: 0.000542 seconds.
  path: Assets/Sprites/Walk (9).png
  artifactKey: Guid(ff139504e0d74374ea304cb4debd6382) Importer(815301076,1909f56bfc062723c751e8b465ee728b)
Start importing Assets/Sprites/Walk (9).png using Guid(ff139504e0d74374ea304cb4debd6382) Importer(815301076,1909f56bfc062723c751e8b465ee728b)  -> (artifact id: '194c88e44bf6533ccd858165ec8cc638') in 0.052817 seconds 
  Import took 0.065073 seconds .

========================================================================
Received Import Request.
  Time since last request: 0.000849 seconds.
  path: Assets/Sprites/Slide (10).png
  artifactKey: Guid(a94107c212ce1904f8e70979cfdfad20) Importer(815301076,1909f56bfc062723c751e8b465ee728b)
Start importing Assets/Sprites/Slide (10).png using Guid(a94107c212ce1904f8e70979cfdfad20) Importer(815301076,1909f56bfc062723c751e8b465ee728b)  -> (artifact id: '9ce8c2740862400988bfd2a296f1d411') in 0.054472 seconds 
  Import took 0.068612 seconds .

========================================================================
Received Import Request.
  Time since last request: 0.000688 seconds.
  path: Assets/Sprites/Walk (8).png
  artifactKey: Guid(b45f32303594c3842b8b2138a5acbfcf) Importer(815301076,1909f56bfc062723c751e8b465ee728b)
Start importing Assets/Sprites/Walk (8).png using Guid(b45f32303594c3842b8b2138a5acbfcf) Importer(815301076,1909f56bfc062723c751e8b465ee728b)  -> (artifact id: '961ed47e2066ec1d0911102ae7f8d8e2') in 0.052062 seconds 
  Import took 0.062356 seconds .

========================================================================
Received Import Request.
  Time since last request: 0.000607 seconds.
  path: Assets/Sprites/Walk (2).png
  artifactKey: Guid(739e9e7f33df7844582396e9b689f97c) Importer(815301076,1909f56bfc062723c751e8b465ee728b)
Start importing Assets/Sprites/Walk (2).png using Guid(739e9e7f33df7844582396e9b689f97c) Importer(815301076,1909f56bfc062723c751e8b465ee728b)  -> (artifact id: '5d8240b3d9a492ccc478692798dece4a') in 0.055792 seconds 
  Import took 0.066412 seconds .

========================================================================
Received Import Request.
  Time since last request: 0.000575 seconds.
  path: Assets/Sprites/Slide (9).png
  artifactKey: Guid(5cd55d09b4194274ead5e5d5db529810) Importer(815301076,1909f56bfc062723c751e8b465ee728b)
Start importing Assets/Sprites/Slide (9).png using Guid(5cd55d09b4194274ead5e5d5db529810) Importer(815301076,1909f56bfc062723c751e8b465ee728b)  -> (artifact id: '23b3193b414a4b3539b319077a5010f8') in 0.050693 seconds 
  Import took 0.059868 seconds .

========================================================================
Received Import Request.
  Time since last request: 0.000574 seconds.
  path: Assets/Sprites/Walk (5).png
  artifactKey: Guid(0ad780214f4f84e4594ad06387397759) Importer(815301076,1909f56bfc062723c751e8b465ee728b)
Start importing Assets/Sprites/Walk (5).png using Guid(0ad780214f4f84e4594ad06387397759) Importer(815301076,1909f56bfc062723c751e8b465ee728b)  -> (artifact id: '403e6db925dadcda6fc5ce3439fc9c87') in 0.050884 seconds 
  Import took 0.059439 seconds .

========================================================================
Received Import Request.
  Time since last request: 0.000590 seconds.
  path: Assets/Sprites/Walk (10).png
  artifactKey: Guid(3cd9c1748b458fb4bbd8bf3bc0ba0a5d) Importer(815301076,1909f56bfc062723c751e8b465ee728b)
Start importing Assets/Sprites/Walk (10).png using Guid(3cd9c1748b458fb4bbd8bf3bc0ba0a5d) Importer(815301076,1909f56bfc062723c751e8b465ee728b)  -> (artifact id: '63d4ef51390187985af657f3cb71f6dc') in 0.054509 seconds 
  Import took 0.063383 seconds .

========================================================================
Received Import Request.
  Time since last request: 0.000617 seconds.
  path: Assets/Sprites/Walk (4).png
  artifactKey: Guid(72ae9ed504fd4ad4497966b753c8df77) Importer(815301076,1909f56bfc062723c751e8b465ee728b)
Start importing Assets/Sprites/Walk (4).png using Guid(72ae9ed504fd4ad4497966b753c8df77) Importer(815301076,1909f56bfc062723c751e8b465ee728b)  -> (artifact id: 'd0e7b92b8caf8b75e0165b8987462f34') in 0.053190 seconds 
  Import took 0.063446 seconds .

========================================================================
Received Prepare
Registering precompiled user dll's ...
Registered in 0.572977 seconds.
Begin MonoManager ReloadAssembly
Native extension for WindowsStandalone target not found
Refreshing native plugins compatible for Editor in 1.12 ms, found 3 plugins.
Preloading 0 native plugins for Editor in 0.00 ms.
Mono: successfully reloaded assembly
- Completed reload, in  4.039 seconds
Domain Reload Profiling:
	ReloadAssembly (4041ms)
		BeginReloadAssembly (313ms)
			ExecutionOrderSort (0ms)
			DisableScriptedObjects (22ms)
			BackupInstance (0ms)
			ReleaseScriptingObjects (0ms)
			CreateAndSetChildDomain (93ms)
		EndReloadAssembly (3492ms)
			LoadAssemblies (290ms)
			RebuildTransferFunctionScriptingTraits (0ms)
			SetupTypeCache (903ms)
			ReleaseScriptCaches (2ms)
			RebuildScriptCaches (130ms)
			SetupLoadedEditorAssemblies (1683ms)
				LogAssemblyErrors (0ms)
				InitializePlatformSupportModulesInManaged (15ms)
				SetLoadedEditorAssemblies (1ms)
				RefreshPlugins (1ms)
				BeforeProcessingInitializeOnLoad (199ms)
				ProcessInitializeOnLoadAttributes (1414ms)
				ProcessInitializeOnLoadMethodAttributes (21ms)
				AfterProcessingInitializeOnLoad (31ms)
				EditorAssembliesLoaded (0ms)
			ExecutionOrderSort2 (0ms)
			AwakeInstancesAfterBackupRestoration (37ms)
Platform modules already initialized, skipping
Refreshing native plugins compatible for Editor in 2.10 ms, found 3 plugins.
Preloading 0 native plugins for Editor in 0.00 ms.
Unloading 2082 Unused Serialized files (Serialized files now loaded: 0)
System memory in use before: 96.4 MB.
System memory in use after: 96.5 MB.

Unloading 16 unused Assets to reduce memory usage. Loaded Objects now: 2559.
Total: 9.368000 ms (FindLiveObjects: 0.444400 ms CreateObjectMapping: 0.129100 ms MarkObjects: 8.735700 ms  DeleteObjects: 0.055400 ms)

AssetImportParameters requested are different than current active one (requested -> active):
  custom:framework-win-MediaFoundation: 216162199b28c13a410421893ffa2e32 -> 
  custom:video-decoder-ogg-theora: a1e56fd34408186e4bbccfd4996cb3dc -> 
  custom:container-muxer-webm: aa71ff27fc2769a1b78a27578f13a17b -> 
  custom:container-demuxer-webm: 4f35f7cbe854078d1ac9338744f61a02 -> 
  custom:container-demuxer-ogg: 62fdf1f143b41e24485cea50d1cbac27 -> 
  custom:video-encoder-webm-vp8: eb34c28f22e8b96e1ab97ce403110664 -> 
  custom:video-codec-MediaFoundation-h265: 746d11721c4dcdbdad8f713fa42b33f4 -> 
  custom:video-decoder-webm-vp8: 9c59270c3fd7afecdb556c50c9e8de78 -> 
  custom:audio-decoder-ogg-vorbis: bf7c407c2cedff20999df2af8eb42d56 -> 
  custom:audio-encoder-webm-vorbis: bf7c407c2cedff20999df2af8eb42d56 -> 
========================================================================
Received Prepare
Registering precompiled user dll's ...
Registered in 0.015866 seconds.
Begin MonoManager ReloadAssembly
Native extension for WindowsStandalone target not found
Refreshing native plugins compatible for Editor in 1.16 ms, found 3 plugins.
Preloading 0 native plugins for Editor in 0.00 ms.
Mono: successfully reloaded assembly
- Completed reload, in  4.046 seconds
Domain Reload Profiling:
	ReloadAssembly (4047ms)
		BeginReloadAssembly (317ms)
			ExecutionOrderSort (0ms)
			DisableScriptedObjects (21ms)
			BackupInstance (0ms)
			ReleaseScriptingObjects (0ms)
			CreateAndSetChildDomain (90ms)
		EndReloadAssembly (3504ms)
			LoadAssemblies (312ms)
			RebuildTransferFunctionScriptingTraits (0ms)
			SetupTypeCache (940ms)
			ReleaseScriptCaches (2ms)
			RebuildScriptCaches (128ms)
			SetupLoadedEditorAssemblies (1762ms)
				LogAssemblyErrors (0ms)
				InitializePlatformSupportModulesInManaged (17ms)
				SetLoadedEditorAssemblies (1ms)
				RefreshPlugins (1ms)
				BeforeProcessingInitializeOnLoad (265ms)
				ProcessInitializeOnLoadAttributes (1430ms)
				ProcessInitializeOnLoadMethodAttributes (20ms)
				AfterProcessingInitializeOnLoad (27ms)
				EditorAssembliesLoaded (1ms)
			ExecutionOrderSort2 (0ms)
			AwakeInstancesAfterBackupRestoration (41ms)
Platform modules already initialized, skipping
Refreshing native plugins compatible for Editor in 1.16 ms, found 3 plugins.
Preloading 0 native plugins for Editor in 0.00 ms.
Unloading 2082 Unused Serialized files (Serialized files now loaded: 0)
System memory in use before: 96.4 MB.
System memory in use after: 96.5 MB.

Unloading 16 unused Assets to reduce memory usage. Loaded Objects now: 2562.
Total: 8.766700 ms (FindLiveObjects: 0.531300 ms CreateObjectMapping: 0.131800 ms MarkObjects: 8.039300 ms  DeleteObjects: 0.061200 ms)

AssetImportParameters requested are different than current active one (requested -> active):
  custom:framework-win-MediaFoundation: 216162199b28c13a410421893ffa2e32 -> 
  custom:video-decoder-ogg-theora: a1e56fd34408186e4bbccfd4996cb3dc -> 
  custom:container-muxer-webm: aa71ff27fc2769a1b78a27578f13a17b -> 
  custom:container-demuxer-webm: 4f35f7cbe854078d1ac9338744f61a02 -> 
  custom:container-demuxer-ogg: 62fdf1f143b41e24485cea50d1cbac27 -> 
  custom:video-encoder-webm-vp8: eb34c28f22e8b96e1ab97ce403110664 -> 
  custom:video-codec-MediaFoundation-h265: 746d11721c4dcdbdad8f713fa42b33f4 -> 
  custom:video-decoder-webm-vp8: 9c59270c3fd7afecdb556c50c9e8de78 -> 
  custom:audio-decoder-ogg-vorbis: bf7c407c2cedff20999df2af8eb42d56 -> 
  custom:audio-encoder-webm-vorbis: bf7c407c2cedff20999df2af8eb42d56 -> 
========================================================================
Received Prepare
Registering precompiled user dll's ...
Registered in 0.014992 seconds.
Begin MonoManager ReloadAssembly
Native extension for WindowsStandalone target not found
Refreshing native plugins compatible for Editor in 1.14 ms, found 3 plugins.
Preloading 0 native plugins for Editor in 0.00 ms.
Mono: successfully reloaded assembly
- Completed reload, in  3.367 seconds
Domain Reload Profiling:
	ReloadAssembly (3368ms)
		BeginReloadAssembly (325ms)
			ExecutionOrderSort (0ms)
			DisableScriptedObjects (17ms)
			BackupInstance (0ms)
			ReleaseScriptingObjects (0ms)
			CreateAndSetChildDomain (80ms)
		EndReloadAssembly (2802ms)
			LoadAssemblies (314ms)
			RebuildTransferFunctionScriptingTraits (0ms)
			SetupTypeCache (864ms)
			ReleaseScriptCaches (3ms)
			RebuildScriptCaches (143ms)
			SetupLoadedEditorAssemblies (1163ms)
				LogAssemblyErrors (0ms)
				InitializePlatformSupportModulesInManaged (15ms)
				SetLoadedEditorAssemblies (1ms)
				RefreshPlugins (1ms)
				BeforeProcessingInitializeOnLoad (204ms)
				ProcessInitializeOnLoadAttributes (889ms)
				ProcessInitializeOnLoadMethodAttributes (20ms)
				AfterProcessingInitializeOnLoad (32ms)
				EditorAssembliesLoaded (0ms)
			ExecutionOrderSort2 (0ms)
			AwakeInstancesAfterBackupRestoration (41ms)
Platform modules already initialized, skipping
Refreshing native plugins compatible for Editor in 1.18 ms, found 3 plugins.
Preloading 0 native plugins for Editor in 0.00 ms.
Unloading 2082 Unused Serialized files (Serialized files now loaded: 0)
System memory in use before: 96.4 MB.
System memory in use after: 96.5 MB.

Unloading 16 unused Assets to reduce memory usage. Loaded Objects now: 2565.
Total: 8.593900 ms (FindLiveObjects: 0.458400 ms CreateObjectMapping: 0.128800 ms MarkObjects: 7.945600 ms  DeleteObjects: 0.057200 ms)

AssetImportParameters requested are different than current active one (requested -> active):
  custom:framework-win-MediaFoundation: 216162199b28c13a410421893ffa2e32 -> 
  custom:video-decoder-ogg-theora: a1e56fd34408186e4bbccfd4996cb3dc -> 
  custom:container-muxer-webm: aa71ff27fc2769a1b78a27578f13a17b -> 
  custom:container-demuxer-webm: 4f35f7cbe854078d1ac9338744f61a02 -> 
  custom:container-demuxer-ogg: 62fdf1f143b41e24485cea50d1cbac27 -> 
  custom:video-encoder-webm-vp8: eb34c28f22e8b96e1ab97ce403110664 -> 
  custom:video-codec-MediaFoundation-h265: 746d11721c4dcdbdad8f713fa42b33f4 -> 
  custom:video-decoder-webm-vp8: 9c59270c3fd7afecdb556c50c9e8de78 -> 
  custom:audio-decoder-ogg-vorbis: bf7c407c2cedff20999df2af8eb42d56 -> 
  custom:audio-encoder-webm-vorbis: bf7c407c2cedff20999df2af8eb42d56 -> 
========================================================================
Received Prepare
Registering precompiled user dll's ...
Registered in 0.025229 seconds.
Begin MonoManager ReloadAssembly
Native extension for WindowsStandalone target not found
Refreshing native plugins compatible for Editor in 1.28 ms, found 3 plugins.
Preloading 0 native plugins for Editor in 0.00 ms.
Mono: successfully reloaded assembly
- Completed reload, in  3.535 seconds
Domain Reload Profiling:
	ReloadAssembly (3536ms)
		BeginReloadAssembly (342ms)
			ExecutionOrderSort (0ms)
			DisableScriptedObjects (21ms)
			BackupInstance (0ms)
			ReleaseScriptingObjects (0ms)
			CreateAndSetChildDomain (92ms)
		EndReloadAssembly (2982ms)
			LoadAssemblies (294ms)
			RebuildTransferFunctionScriptingTraits (0ms)
			SetupTypeCache (947ms)
			ReleaseScriptCaches (3ms)
			RebuildScriptCaches (164ms)
			SetupLoadedEditorAssemblies (1189ms)
				LogAssemblyErrors (0ms)
				InitializePlatformSupportModulesInManaged (16ms)
				SetLoadedEditorAssemblies (1ms)
				RefreshPlugins (1ms)
				BeforeProcessingInitializeOnLoad (196ms)
				ProcessInitializeOnLoadAttributes (929ms)
				ProcessInitializeOnLoadMethodAttributes (18ms)
				AfterProcessingInitializeOnLoad (27ms)
				EditorAssembliesLoaded (0ms)
			ExecutionOrderSort2 (0ms)
			AwakeInstancesAfterBackupRestoration (32ms)
Platform modules already initialized, skipping
Refreshing native plugins compatible for Editor in 1.17 ms, found 3 plugins.
Preloading 0 native plugins for Editor in 0.00 ms.
Unloading 2082 Unused Serialized files (Serialized files now loaded: 0)
System memory in use before: 96.4 MB.
System memory in use after: 96.5 MB.

Unloading 16 unused Assets to reduce memory usage. Loaded Objects now: 2568.
Total: 9.130900 ms (FindLiveObjects: 0.724000 ms CreateObjectMapping: 0.259200 ms MarkObjects: 8.090900 ms  DeleteObjects: 0.053300 ms)

AssetImportParameters requested are different than current active one (requested -> active):
  custom:framework-win-MediaFoundation: 216162199b28c13a410421893ffa2e32 -> 
  custom:video-decoder-ogg-theora: a1e56fd34408186e4bbccfd4996cb3dc -> 
  custom:container-muxer-webm: aa71ff27fc2769a1b78a27578f13a17b -> 
  custom:container-demuxer-webm: 4f35f7cbe854078d1ac9338744f61a02 -> 
  custom:container-demuxer-ogg: 62fdf1f143b41e24485cea50d1cbac27 -> 
  custom:video-encoder-webm-vp8: eb34c28f22e8b96e1ab97ce403110664 -> 
  custom:video-codec-MediaFoundation-h265: 746d11721c4dcdbdad8f713fa42b33f4 -> 
  custom:video-decoder-webm-vp8: 9c59270c3fd7afecdb556c50c9e8de78 -> 
  custom:audio-decoder-ogg-vorbis: bf7c407c2cedff20999df2af8eb42d56 -> 
  custom:audio-encoder-webm-vorbis: bf7c407c2cedff20999df2af8eb42d56 -> 
========================================================================
Received Prepare
Registering precompiled user dll's ...
Registered in 0.015766 seconds.
Begin MonoManager ReloadAssembly
Native extension for WindowsStandalone target not found
Refreshing native plugins compatible for Editor in 2.79 ms, found 3 plugins.
Preloading 0 native plugins for Editor in 0.00 ms.
Mono: successfully reloaded assembly
- Completed reload, in  4.855 seconds
Domain Reload Profiling:
	ReloadAssembly (4856ms)
		BeginReloadAssembly (322ms)
			ExecutionOrderSort (0ms)
			DisableScriptedObjects (23ms)
			BackupInstance (0ms)
			ReleaseScriptingObjects (0ms)
			CreateAndSetChildDomain (87ms)
		EndReloadAssembly (4308ms)
			LoadAssemblies (283ms)
			RebuildTransferFunctionScriptingTraits (0ms)
			SetupTypeCache (1204ms)
			ReleaseScriptCaches (4ms)
			RebuildScriptCaches (314ms)
			SetupLoadedEditorAssemblies (2053ms)
				LogAssemblyErrors (0ms)
				InitializePlatformSupportModulesInManaged (28ms)
				SetLoadedEditorAssemblies (2ms)
				RefreshPlugins (3ms)
				BeforeProcessingInitializeOnLoad (737ms)
				ProcessInitializeOnLoadAttributes (1248ms)
				ProcessInitializeOnLoadMethodAttributes (14ms)
				AfterProcessingInitializeOnLoad (20ms)
				EditorAssembliesLoaded (1ms)
			ExecutionOrderSort2 (0ms)
			AwakeInstancesAfterBackupRestoration (30ms)
Platform modules already initialized, skipping
Refreshing native plugins compatible for Editor in 2.47 ms, found 3 plugins.
Preloading 0 native plugins for Editor in 0.00 ms.
Unloading 2082 Unused Serialized files (Serialized files now loaded: 0)
System memory in use before: 96.4 MB.
System memory in use after: 96.5 MB.

Unloading 16 unused Assets to reduce memory usage. Loaded Objects now: 2571.
Total: 9.757000 ms (FindLiveObjects: 0.704600 ms CreateObjectMapping: 0.224700 ms MarkObjects: 8.767700 ms  DeleteObjects: 0.056500 ms)

AssetImportParameters requested are different than current active one (requested -> active):
  custom:framework-win-MediaFoundation: 216162199b28c13a410421893ffa2e32 -> 
  custom:video-decoder-ogg-theora: a1e56fd34408186e4bbccfd4996cb3dc -> 
  custom:container-muxer-webm: aa71ff27fc2769a1b78a27578f13a17b -> 
  custom:container-demuxer-webm: 4f35f7cbe854078d1ac9338744f61a02 -> 
  custom:container-demuxer-ogg: 62fdf1f143b41e24485cea50d1cbac27 -> 
  custom:video-encoder-webm-vp8: eb34c28f22e8b96e1ab97ce403110664 -> 
  custom:video-codec-MediaFoundation-h265: 746d11721c4dcdbdad8f713fa42b33f4 -> 
  custom:video-decoder-webm-vp8: 9c59270c3fd7afecdb556c50c9e8de78 -> 
  custom:audio-decoder-ogg-vorbis: bf7c407c2cedff20999df2af8eb42d56 -> 
  custom:audio-encoder-webm-vorbis: bf7c407c2cedff20999df2af8eb42d56 -> 
========================================================================
Received Prepare
Refreshing native plugins compatible for Editor in 13.77 ms, found 3 plugins.
Preloading 0 native plugins for Editor in 0.00 ms.
Unloading 14 Unused Serialized files (Serialized files now loaded: 0)
System memory in use before: 54.9 MB.
System memory in use after: 55.0 MB.

Unloading 14 unused Assets to reduce memory usage. Loaded Objects now: 2571.
Total: 9.146100 ms (FindLiveObjects: 0.465100 ms CreateObjectMapping: 0.129500 ms MarkObjects: 8.498400 ms  DeleteObjects: 0.050200 ms)

AssetImportParameters requested are different than current active one (requested -> active):
  custom:framework-win-MediaFoundation: 216162199b28c13a410421893ffa2e32 -> 
  custom:video-decoder-ogg-theora: a1e56fd34408186e4bbccfd4996cb3dc -> 
  custom:container-muxer-webm: aa71ff27fc2769a1b78a27578f13a17b -> 
  custom:container-demuxer-webm: 4f35f7cbe854078d1ac9338744f61a02 -> 
  custom:container-demuxer-ogg: 62fdf1f143b41e24485cea50d1cbac27 -> 
  custom:video-encoder-webm-vp8: eb34c28f22e8b96e1ab97ce403110664 -> 
  custom:video-codec-MediaFoundation-h265: 746d11721c4dcdbdad8f713fa42b33f4 -> 
  custom:video-decoder-webm-vp8: 9c59270c3fd7afecdb556c50c9e8de78 -> 
  custom:audio-decoder-ogg-vorbis: bf7c407c2cedff20999df2af8eb42d56 -> 
  custom:audio-encoder-webm-vorbis: bf7c407c2cedff20999df2af8eb42d56 -> 
========================================================================
Received Prepare
Registering precompiled user dll's ...
Registered in 0.010796 seconds.
Begin MonoManager ReloadAssembly
Native extension for WindowsStandalone target not found
Refreshing native plugins compatible for Editor in 0.55 ms, found 3 plugins.
Preloading 0 native plugins for Editor in 0.00 ms.
Mono: successfully reloaded assembly
- Completed reload, in  1.322 seconds
Domain Reload Profiling:
	ReloadAssembly (1322ms)
		BeginReloadAssembly (145ms)
			ExecutionOrderSort (0ms)
			DisableScriptedObjects (8ms)
			BackupInstance (0ms)
			ReleaseScriptingObjects (0ms)
			CreateAndSetChildDomain (40ms)
		EndReloadAssembly (1090ms)
			LoadAssemblies (122ms)
			RebuildTransferFunctionScriptingTraits (0ms)
			SetupTypeCache (338ms)
			ReleaseScriptCaches (1ms)
			RebuildScriptCaches (47ms)
			SetupLoadedEditorAssemblies (451ms)
				LogAssemblyErrors (0ms)
				InitializePlatformSupportModulesInManaged (6ms)
				SetLoadedEditorAssemblies (1ms)
				RefreshPlugins (1ms)
				BeforeProcessingInitializeOnLoad (82ms)
				ProcessInitializeOnLoadAttributes (343ms)
				ProcessInitializeOnLoadMethodAttributes (7ms)
				AfterProcessingInitializeOnLoad (13ms)
				EditorAssembliesLoaded (0ms)
			ExecutionOrderSort2 (0ms)
			AwakeInstancesAfterBackupRestoration (15ms)
Platform modules already initialized, skipping
Refreshing native plugins compatible for Editor in 0.56 ms, found 3 plugins.
Preloading 0 native plugins for Editor in 0.00 ms.
Unloading 2082 Unused Serialized files (Serialized files now loaded: 0)
System memory in use before: 96.4 MB.
System memory in use after: 96.5 MB.

Unloading 16 unused Assets to reduce memory usage. Loaded Objects now: 2574.
Total: 5.064600 ms (FindLiveObjects: 0.285600 ms CreateObjectMapping: 0.075200 ms MarkObjects: 4.673600 ms  DeleteObjects: 0.028400 ms)

AssetImportParameters requested are different than current active one (requested -> active):
  custom:framework-win-MediaFoundation: 216162199b28c13a410421893ffa2e32 -> 
  custom:video-decoder-ogg-theora: a1e56fd34408186e4bbccfd4996cb3dc -> 
  custom:container-muxer-webm: aa71ff27fc2769a1b78a27578f13a17b -> 
  custom:container-demuxer-webm: 4f35f7cbe854078d1ac9338744f61a02 -> 
  custom:container-demuxer-ogg: 62fdf1f143b41e24485cea50d1cbac27 -> 
  custom:video-encoder-webm-vp8: eb34c28f22e8b96e1ab97ce403110664 -> 
  custom:video-codec-MediaFoundation-h265: 746d11721c4dcdbdad8f713fa42b33f4 -> 
  custom:video-decoder-webm-vp8: 9c59270c3fd7afecdb556c50c9e8de78 -> 
  custom:audio-decoder-ogg-vorbis: bf7c407c2cedff20999df2af8eb42d56 -> 
  custom:audio-encoder-webm-vorbis: bf7c407c2cedff20999df2af8eb42d56 -> 
AssetImportWorkerClient::OnTransportError - code=2 error=End of file
